<?xml version="1.0" encoding="UTF-8"?>
<testsuite xmlns:xsi="http://www.w3.org/2001/XMLSchema-instance" xsi:noNamespaceSchemaLocation="https://maven.apache.org/surefire/maven-surefire-plugin/xsd/surefire-test-report-3.0.xsd" version="3.0" name="unrn.api.TweetsControllerIT" time="4.913" tests="1" errors="0" skipped="0" failures="0">
  <properties>
[...]
</properties>
  <testcase name="no_permite_retweet_de_tweet_propio" classname="unrn.api.TweetsControllerIT" time="0.589">
    <system-out><![CDATA[23:22:30.090 [main] INFO org.springframework.test.context.support.AnnotationConfigContextLoaderUtils -- Could not detect default configuration classes for test class [unrn.api.TweetsControllerIT]: TweetsControllerIT does not declare any static, non-private, non-final, nested classes annotated with @Configuration.
23:22:30.196 [main] INFO org.springframework.boot.test.context.SpringBootTestContextBootstrapper -- Found @SpringBootConfiguration unrn.MiniTwitterApplication for test class unrn.api.TweetsControllerIT

  .   ____          _            __ _ _
 /\\ / ___'_ __ _ _(_)_ __  __ _ \ \ \ \
( ( )\___ | '_ | '_| | '_ \/ _` | \ \ \ \
 \\/  ___)| |_)| | | | | || (_| |  ) ) ) )
  '  |____| .__|_| |_|_| |_\__, | / / / /
 =========|_|==============|___/=/_/_/_/

 :: Spring Boot ::                (v3.3.5)

2025-11-29T23:22:30.520-03:00  INFO 281832 --- [           main] unrn.api.TweetsControllerIT              : Starting TweetsControllerIT using Java 21.0.2 with PID 281832 (started by pelud in C:\Users\pelud\OneDrive\Documentos\UNRN\Taller de Tecnologías y Producción de Software\Proyecto TP individual\tpindividual)
2025-11-29T23:22:30.521-03:00 DEBUG 281832 --- [           main] unrn.api.TweetsControllerIT              : Running with Spring Boot v3.3.5, Spring v6.1.14
2025-11-29T23:22:30.521-03:00  INFO 281832 --- [           main] unrn.api.TweetsControllerIT              : The following 1 profile is active: "test"
2025-11-29T23:22:31.136-03:00  INFO 281832 --- [           main] .s.d.r.c.RepositoryConfigurationDelegate : Bootstrapping Spring Data JPA repositories in DEFAULT mode.
2025-11-29T23:22:31.188-03:00  INFO 281832 --- [           main] .s.d.r.c.RepositoryConfigurationDelegate : Finished Spring Data repository scanning in 47 ms. Found 6 JPA repository interfaces.
2025-11-29T23:22:31.613-03:00  INFO 281832 --- [           main] o.hibernate.jpa.internal.util.LogHelper  : HHH000204: Processing PersistenceUnitInfo [name: default]
2025-11-29T23:22:31.701-03:00  INFO 281832 --- [           main] org.hibernate.Version                    : HHH000412: Hibernate ORM core version 6.5.3.Final
2025-11-29T23:22:31.730-03:00  INFO 281832 --- [           main] o.h.c.internal.RegionFactoryInitiator    : HHH000026: Second-level cache disabled
2025-11-29T23:22:32.023-03:00  INFO 281832 --- [           main] o.s.o.j.p.SpringPersistenceUnitInfo      : No LoadTimeWeaver setup: ignoring JPA class transformer
2025-11-29T23:22:32.047-03:00  INFO 281832 --- [           main] com.zaxxer.hikari.HikariDataSource       : HikariPool-1 - Starting...
2025-11-29T23:22:32.191-03:00  INFO 281832 --- [           main] com.zaxxer.hikari.pool.HikariPool        : HikariPool-1 - Added connection conn0: url=jdbc:h2:mem:mini_twitter_test user=SA
2025-11-29T23:22:32.191-03:00  INFO 281832 --- [           main] com.zaxxer.hikari.HikariDataSource       : HikariPool-1 - Start completed.
2025-11-29T23:22:32.821-03:00  INFO 281832 --- [           main] o.h.e.t.j.p.i.JtaPlatformInitiator       : HHH000489: No JTA platform available (set 'hibernate.transaction.jta.platform' to enable JTA platform integration)
2025-11-29T23:22:32.861-03:00  INFO 281832 --- [           main] j.LocalContainerEntityManagerFactoryBean : Initialized JPA EntityManagerFactory for persistence unit 'default'
2025-11-29T23:22:33.170-03:00  INFO 281832 --- [           main] o.s.d.j.r.query.QueryEnhancerFactory     : Hibernate is in classpath; If applicable, HQL parser will be used.
2025-11-29T23:22:33.581-03:00  WARN 281832 --- [           main] JpaBaseConfiguration$JpaWebConfiguration : spring.jpa.open-in-view is enabled by default. Therefore, database queries may be performed during view rendering. Explicitly configure spring.jpa.open-in-view to disable this warning
2025-11-29T23:22:33.592-03:00 DEBUG 281832 --- [           main] swordEncoderAuthenticationManagerBuilder : No authenticationProviders and no parentAuthenticationManager defined. Returning null.
2025-11-29T23:22:33.921-03:00 DEBUG 281832 --- [           main] o.s.s.web.DefaultSecurityFilterChain     : Will secure any request with filters: DisableEncodeUrlFilter, WebAsyncManagerIntegrationFilter, SecurityContextHolderFilter, HeaderWriterFilter, CorsFilter, LogoutFilter, BearerTokenAuthenticationFilter, RequestCacheAwareFilter, SecurityContextHolderAwareRequestFilter, AnonymousAuthenticationFilter, ExceptionTranslationFilter, AuthorizationFilter
2025-11-29T23:22:34.173-03:00  INFO 281832 --- [           main] o.s.b.a.h2.H2ConsoleAutoConfiguration    : H2 console available at '/h2-console'. Database available at 'jdbc:h2:mem:mini_twitter_test'
2025-11-29T23:22:34.237-03:00  INFO 281832 --- [           main] o.s.b.t.m.w.SpringBootMockServletContext : Initializing Spring TestDispatcherServlet ''
2025-11-29T23:22:34.238-03:00  INFO 281832 --- [           main] o.s.t.web.servlet.TestDispatcherServlet  : Initializing Servlet ''
2025-11-29T23:22:34.238-03:00  INFO 281832 --- [           main] o.s.t.web.servlet.TestDispatcherServlet  : Completed initialization in 0 ms
2025-11-29T23:22:34.254-03:00  INFO 281832 --- [           main] unrn.api.TweetsControllerIT              : Started TweetsControllerIT in 3.934 seconds (process running for 4.694)
2025-11-29T23:22:34.702-03:00 DEBUG 281832 --- [           main] o.s.security.web.FilterChainProxy        : Securing POST /api/tweets/1/retweets
2025-11-29T23:22:34.706-03:00 DEBUG 281832 --- [           main] o.s.security.web.FilterChainProxy        : Secured POST /api/tweets/1/retweets
]]></system-out>
    <system-err><![CDATA[WARNING: A Java agent has been loaded dynamically (C:\Users\pelud\.m2\repository\net\bytebuddy\byte-buddy-agent\1.14.19\byte-buddy-agent-1.14.19.jar)
WARNING: If a serviceability tool is in use, please run with -XX:+EnableDynamicAgentLoading to hide this warning
WARNING: If a serviceability tool is not in use, please run with -Djdk.instrument.traceUsage for more information
WARNING: Dynamic loading of agents will be disallowed by default in a future release
]]></system-err>
  </testcase>
</testsuite>